--- Startup times for process: Primary/TUI ---

times in msec
 clock   self+sourced   self:  sourced script
 clock   elapsed:              other lines

000.001  000.001: --- NVIM STARTING ---
000.094  000.093: event init
000.136  000.042: early init
000.200  000.065: locale set
000.221  000.021: init first window
000.389  000.168: inits 1
000.393  000.004: window checked
000.431  000.037: parsing arguments
000.750  000.020  000.020: require('vim.shared')
000.795  000.022  000.022: require('vim.inspect')
000.820  000.019  000.019: require('vim._options')
000.821  000.068  000.028: require('vim._editor')
000.821  000.120  000.032: require('vim._init_packages')
000.823  000.272: init lua interpreter
001.323  000.499: --- NVIM STARTED ---

--- Startup times for process: Embedded ---

times in msec
 clock   self+sourced   self:  sourced script
 clock   elapsed:              other lines

000.000  000.000: --- NVIM STARTING ---
000.081  000.081: event init
000.120  000.039: early init
000.182  000.062: locale set
000.203  000.021: init first window
000.336  000.133: inits 1
000.341  000.005: window checked
000.360  000.019: parsing arguments
000.603  000.020  000.020: require('vim.shared')
000.646  000.021  000.021: require('vim.inspect')
000.670  000.018  000.018: require('vim._options')
000.671  000.066  000.028: require('vim._editor')
000.672  000.113  000.027: require('vim._init_packages')
000.673  000.201: init lua interpreter
000.705  000.031: expanding arguments
000.713  000.008: inits 2
000.877  000.164: init highlight
000.877  000.001: waiting for UI
000.959  000.081: done waiting for UI
000.968  000.009: clear screen
001.003  000.006  000.006: require('vim.keymap')
001.805  000.568  000.568: require('vim.termcap')
001.888  000.061  000.061: require('vim.text')
084.379  083.410  082.776: require('vim._defaults')
084.386  000.009: init default mappings & autocommands
084.608  000.047  000.047: sourcing /snap/nvim/2823/usr/share/nvim/runtime/ftplugin.vim
084.674  000.018  000.018: sourcing /snap/nvim/2823/usr/share/nvim/runtime/indent.vim
248.744  163.950  163.950: require('core.config')
248.901  000.150  000.150: require('lazy')
248.944  000.029  000.029: require('ffi')
248.976  000.013  000.013: require('vim.fs')
249.103  000.124  000.124: require('vim.uri')
249.114  000.168  000.032: require('vim.loader')
249.405  000.279  000.279: require('lazy.stats')
249.508  000.087  000.087: require('lazy.core.util')
249.621  000.111  000.111: require('lazy.core.config')
249.730  000.043  000.043: require('lazy.core.handler')
249.929  000.056  000.056: require('lazy.pkg')
249.933  000.140  000.085: require('lazy.core.meta')
249.937  000.205  000.065: require('lazy.core.plugin')
249.943  000.320  000.072: require('lazy.core.loader')
250.229  000.080  000.080: require('lazy.core.fragments')
251.595  000.049  000.049: require('lazy.core.handler.event')
251.598  000.157  000.108: require('lazy.core.handler.ft')
251.637  000.037  000.037: require('lazy.core.handler.keys')
251.670  000.031  000.031: require('lazy.core.handler.cmd')
252.789  000.326  000.326: sourcing /snap/nvim/2823/usr/share/nvim/runtime/filetype.lua
254.471  000.092  000.092: require('darkplus.palette')
254.476  000.264  000.173: require('darkplus.theme')
254.479  000.590  000.326: require('darkplus')
255.337  001.460  000.870: sourcing /home/swarnim/.local/share/nvim/lazy/darkplus/colors/darkplus.vim
255.678  000.029  000.029: sourcing /home/swarnim/.local/share/nvim/lazy/plenary.nvim/plugin/plenary.vim
256.424  000.026  000.026: require('nvim-treesitter.utils')
256.804  000.024  000.024: require('vim.treesitter.language')
256.826  000.019  000.019: require('vim.func')
256.845  000.015  000.015: require('vim.func._memoize')
256.855  000.111  000.053: require('vim.treesitter.query')
256.873  000.017  000.017: require('vim.treesitter._range')
256.880  000.205  000.077: require('vim.treesitter.languagetree')
256.884  000.261  000.056: require('vim.treesitter')
257.293  000.866  000.605: require('nvim-treesitter.parsers')
257.578  000.112  000.112: require('nvim-treesitter.compat')
257.770  000.124  000.124: require('nvim-treesitter.ts_utils')
257.773  000.193  000.069: require('nvim-treesitter.tsrange')
257.792  000.018  000.018: require('nvim-treesitter.caching')
257.797  000.400  000.077: require('nvim-treesitter.query')
257.804  000.468  000.068: require('nvim-treesitter.configs')
257.806  000.511  000.043: require('nvim-treesitter.info')
257.834  000.028  000.028: require('nvim-treesitter.shell_command_selectors')
257.846  001.499  000.070: require('nvim-treesitter.install')
257.862  000.015  000.015: require('nvim-treesitter.statusline')
257.884  000.021  000.021: require('nvim-treesitter.query_predicates')
257.885  001.867  000.332: require('nvim-treesitter')
258.218  002.225  000.359: sourcing /home/swarnim/.local/share/nvim/lazy/nvim-treesitter/plugin/nvim-treesitter.lua
259.195  000.029  000.029: require('nvim-treesitter.highlight')
259.237  000.024  000.024: require('nvim-treesitter.indent')
259.730  000.019  000.019: require('diffview.lazy')
259.803  000.017  000.017: require('diffview.ffi')
259.822  000.018  000.018: require('diffview.oop')
259.829  000.064  000.030: require('diffview.async')
259.875  000.040  000.040: require('diffview.utils')
259.928  000.021  000.021: require('diffview.mock')
259.935  000.193  000.067: require('diffview.logger')
259.977  000.036  000.036: require('diffview.control')
260.045  000.043  000.043: require('diffview.events')
260.050  000.715  000.424: require('diffview.bootstrap')
260.072  000.756  000.041: sourcing /home/swarnim/.local/share/nvim/lazy/diffview.nvim/plugin/diffview.lua
260.776  000.024  000.024: sourcing /home/swarnim/.local/share/nvim/lazy/nvim-web-devicons/plugin/nvim-web-devicons.vim
261.253  000.028  000.028: require('lualine_require')
261.404  000.609  000.581: require('lualine')
262.570  000.036  000.036: require('lualine.utils.mode')
264.906  000.043  000.043: sourcing /snap/nvim/2823/usr/share/nvim/runtime/plugin/editorconfig.lua
264.995  000.039  000.039: sourcing /snap/nvim/2823/usr/share/nvim/runtime/plugin/man.lua
265.073  000.032  000.032: sourcing /snap/nvim/2823/usr/share/nvim/runtime/plugin/osc52.lua
265.268  000.106  000.106: sourcing /snap/nvim/2823/usr/share/nvim/runtime/plugin/rplugin.vim
265.380  000.049  000.049: sourcing /snap/nvim/2823/usr/share/nvim/runtime/plugin/shada.vim
265.459  000.014  000.014: sourcing /snap/nvim/2823/usr/share/nvim/runtime/plugin/spellfile.vim
265.595  000.057  000.057: require('core.keymap')
265.636  000.040  000.040: require('lsp')
265.638  180.933  009.635: sourcing /home/swarnim/.config/nvim/init.lua
265.641  000.257: sourcing vimrc file(s)
265.736  000.031  000.031: sourcing /snap/nvim/2823/usr/share/nvim/runtime/filetype.lua
266.089  000.045  000.045: sourcing /snap/nvim/2823/usr/share/nvim/runtime/syntax/synload.vim
266.149  000.170  000.125: sourcing /snap/nvim/2823/usr/share/nvim/runtime/syntax/syntax.vim
266.164  000.322: inits 3
266.793  000.629: reading ShaDa
266.926  000.011  000.011: require('vim.F')
267.675  000.053  000.053: require('gitsigns.async')
267.712  000.034  000.034: require('gitsigns.debug.log')
268.013  000.301  000.301: require('gitsigns.config')
268.023  000.939  000.551: require('gitsigns')
268.373  000.293  000.293: require('gitsigns.highlight')
269.198  000.528  000.528: require('conform')
269.790  000.020  000.020: require('nvim-surround.input')
269.807  000.015  000.015: require('nvim-surround.functional')
269.813  000.164  000.129: require('nvim-surround.config')
269.816  000.189  000.026: require('nvim-surround.buffer')
269.845  000.028  000.028: require('nvim-surround.cache')
269.861  000.016  000.016: require('nvim-surround.utils')
269.864  000.497  000.265: require('nvim-surround')
270.761  000.600  000.600: require('vim.filetype')
271.961  000.052  000.052: sourcing /snap/nvim/2823/usr/share/nvim/runtime/ftplugin/lua.vim
274.625  000.048  000.048: require('vim.treesitter.highlighter')
274.783  002.737  002.689: sourcing /snap/nvim/2823/usr/share/nvim/runtime/ftplugin/lua.lua
275.230  000.037  000.037: require('vim.lsp.log')
275.468  000.235  000.235: require('vim.lsp.protocol')
275.644  000.083  000.083: require('vim.lsp._snippet_grammar')
275.669  000.023  000.023: require('vim.highlight')
275.679  000.209  000.103: require('vim.lsp.util')
275.770  000.043  000.043: require('vim.lsp.sync')
275.774  000.093  000.050: require('vim.lsp._changetracking')
275.869  000.093  000.093: require('vim.lsp.rpc')
275.914  000.817  000.150: require('vim.lsp')
276.070  000.098  000.098: require('vim.lsp.client')
276.147  000.030  000.030: require('vim.glob')
276.150  000.063  000.033: require('vim.lsp._dynamic')
276.284  000.055  000.055: require('vim._system')
277.007  000.158  000.158: require('vim.version')
279.229  004.164  002.972: sourcing /home/swarnim/.config/nvim/after/ftplugin/lua.lua
279.745  000.053  000.053: sourcing /snap/nvim/2823/usr/share/nvim/runtime/indent/lua.vim
280.122  000.116  000.116: require('editorconfig')
280.220  003.438: opening buffers
280.815  000.596: BufEnter autocommands
280.820  000.005: editing files in windows
280.823  000.003: VimEnter autocommands
280.855  000.032: UIEnter autocommands
280.855  000.001: before starting main loop
291.500  010.645: first screen update
291.505  000.004: --- NVIM STARTED ---

